<?xml version="1.0" encoding="utf-8"?><testsuites name="pytest tests"><testsuite name="pytest" errors="0" failures="0" skipped="0" tests="27" time="5.681" timestamp="2026-02-17T09:14:57.141052+00:00" hostname="agent-env-1e712eb9-3275-42aa-bda2-8e064010e7c4"><testcase classname="tests.test_auth_and_categories.TestAuth" name="test_login_with_demo_user_success" time="0.575" /><testcase classname="tests.test_auth_and_categories.TestAuth" name="test_login_with_invalid_credentials" time="0.278" /><testcase classname="tests.test_auth_and_categories.TestAuth" name="test_register_new_user_and_verify" time="0.320" /><testcase classname="tests.test_auth_and_categories.TestAuth" name="test_register_duplicate_email" time="0.051" /><testcase classname="tests.test_auth_and_categories.TestAuth" name="test_get_me_with_valid_token" time="0.321" /><testcase classname="tests.test_auth_and_categories.TestAuth" name="test_get_me_without_token" time="0.046" /><testcase classname="tests.test_auth_and_categories.TestCategories" name="test_get_categories_returns_4_categories" time="0.293" /><testcase classname="tests.test_cart_and_orders.TestCart" name="test_get_empty_cart" time="0.192" /><testcase classname="tests.test_cart_and_orders.TestCart" name="test_add_to_cart_and_verify" time="0.304" /><testcase classname="tests.test_cart_and_orders.TestCart" name="test_add_to_cart_without_auth" time="0.078" /><testcase classname="tests.test_cart_and_orders.TestCart" name="test_update_cart_item_quantity" time="0.263" /><testcase classname="tests.test_cart_and_orders.TestCart" name="test_delete_cart_item" time="0.302" /><testcase classname="tests.test_cart_and_orders.TestCart" name="test_clear_cart" time="0.293" /><testcase classname="tests.test_cart_and_orders.TestOrders" name="test_create_order_from_cart" time="0.164" /><testcase classname="tests.test_cart_and_orders.TestOrders" name="test_create_order_with_empty_cart" time="0.093" /><testcase classname="tests.test_cart_and_orders.TestOrders" name="test_get_orders_history" time="0.046" /><testcase classname="tests.test_cart_and_orders.TestOrders" name="test_get_order_by_id" time="0.201" /><testcase classname="tests.test_payment_and_tracking.TestPayment" name="test_initiate_payment_for_order" time="0.195" /><testcase classname="tests.test_payment_and_tracking.TestPayment" name="test_confirm_payment_and_verify_order_status" time="0.667" /><testcase classname="tests.test_payment_and_tracking.TestTracking" name="test_get_tracking_for_order" time="0.610" /><testcase classname="tests.test_payment_and_tracking.TestTracking" name="test_tracking_nonexistent_order" time="0.052" /><testcase classname="tests.test_products.TestProducts" name="test_get_all_products_returns_14_items" time="0.046" /><testcase classname="tests.test_products.TestProducts" name="test_get_products_by_category" time="0.045" /><testcase classname="tests.test_products.TestProducts" name="test_get_popular_products" time="0.049" /><testcase classname="tests.test_products.TestProducts" name="test_get_product_by_id" time="0.046" /><testcase classname="tests.test_products.TestProducts" name="test_get_nonexistent_product" time="0.049" /><testcase classname="tests.test_products.TestProducts" name="test_product_structure_has_required_fields" time="0.048" /></testsuite></testsuites>